# JRE version: Java(TM) SE Runtime Environment (8.0_45-b15) (build 1.8.0_45-b15)
# Java VM: Java HotSpot(TM) 64-Bit Server VM (25.45-b02 mixed mode windows-amd64 compressed oops)
Heap:
 PSYoungGen      total 242688K, used 903K [0x00000000e0000000, 0x00000000f0100000, 0x0000000100000000)
  eden space 230400K, 0% used [0x00000000e0000000,0x00000000e0000000,0x00000000ee100000)
  from space 12288K, 7% used [0x00000000ef500000,0x00000000ef5e1e68,0x00000000f0100000)
  to   space 16384K, 0% used [0x00000000ee100000,0x00000000ee100000,0x00000000ef100000)
 ParOldGen       total 95232K, used 48245K [0x00000000a0000000, 0x00000000a5d00000, 0x00000000e0000000)
  object space 95232K, 50% used [0x00000000a0000000,0x00000000a2f1d740,0x00000000a5d00000)
 Metaspace       used 58857K, capacity 60866K, committed 61016K, reserved 1105920K
  class space    used 8045K, capacity 8468K, committed 8576K, reserved 1048576K
GC Heap History (10 events):
Event: 23.226 GC heap before
{Heap before GC invocations=18 (full 2):
 PSYoungGen      total 114688K, used 107815K [0x00000000e0000000, 0x00000000eaa80000, 0x0000000100000000)
  eden space 102912K, 100% used [0x00000000e0000000,0x00000000e6480000,0x00000000e6480000)
  from space 11776K, 41% used [0x00000000e6480000,0x00000000e6949cd8,0x00000000e7000000)
  to   space 11264K, 0% used [0x00000000e9f80000,0x00000000e9f80000,0x00000000eaa80000)
 ParOldGen       total 47616K, used 23421K [0x00000000a0000000, 0x00000000a2e80000, 0x00000000e0000000)
  object space 47616K, 49% used [0x00000000a0000000,0x00000000a16df720,0x00000000a2e80000)
 Metaspace       used 45948K, capacity 47088K, committed 47232K, reserved 1089536K
  class space    used 6257K, capacity 6507K, committed 6528K, reserved 1048576K
Event: 23.237 GC heap after
Heap after GC invocations=18 (full 2):
 PSYoungGen      total 158208K, used 7486K [0x00000000e0000000, 0x00000000ea800000, 0x0000000100000000)
  eden space 149504K, 0% used [0x00000000e0000000,0x00000000e0000000,0x00000000e9200000)
  from space 8704K, 86% used [0x00000000e9f80000,0x00000000ea6cf938,0x00000000ea800000)
  to   space 11264K, 0% used [0x00000000e9200000,0x00000000e9200000,0x00000000e9d00000)
 ParOldGen       total 47616K, used 23599K [0x00000000a0000000, 0x00000000a2e80000, 0x00000000e0000000)
  object space 47616K, 49% used [0x00000000a0000000,0x00000000a170bdf8,0x00000000a2e80000)
 Metaspace       used 45948K, capacity 47088K, committed 47232K, reserved 1089536K
  class space    used 6257K, capacity 6507K, committed 6528K, reserved 1048576K
}
Event: 36.691 GC heap before
{Heap before GC invocations=19 (full 2):
 PSYoungGen      total 158208K, used 156990K [0x00000000e0000000, 0x00000000ea800000, 0x0000000100000000)
  eden space 149504K, 100% used [0x00000000e0000000,0x00000000e9200000,0x00000000e9200000)
  from space 8704K, 86% used [0x00000000e9f80000,0x00000000ea6cf938,0x00000000ea800000)
  to   space 11264K, 0% used [0x00000000e9200000,0x00000000e9200000,0x00000000e9d00000)
 ParOldGen       total 47616K, used 23599K [0x00000000a0000000, 0x00000000a2e80000, 0x00000000e0000000)
  object space 47616K, 49% used [0x00000000a0000000,0x00000000a170bdf8,0x00000000a2e80000)
 Metaspace       used 52632K, capacity 54412K, committed 54528K, reserved 1095680K
  class space    used 7281K, capacity 7629K, committed 7680K, reserved 1048576K
Event: 36.719 GC heap after
Heap after GC invocations=19 (full 2):
 PSYoungGen      total 160768K, used 11264K [0x00000000e0000000, 0x00000000eda80000, 0x0000000100000000)
  eden space 149504K, 0% used [0x00000000e0000000,0x00000000e0000000,0x00000000e9200000)
  from space 11264K, 100% used [0x00000000e9200000,0x00000000e9d00000,0x00000000e9d00000)
  to   space 16384K, 0% used [0x00000000eca80000,0x00000000eca80000,0x00000000eda80000)
 ParOldGen       total 47616K, used 32965K [0x00000000a0000000, 0x00000000a2e80000, 0x00000000e0000000)
  object space 47616K, 69% used [0x00000000a0000000,0x00000000a20315f0,0x00000000a2e80000)
 Metaspace       used 52632K, capacity 54412K, committed 54528K, reserved 1095680K
  class space    used 7281K, capacity 7629K, committed 7680K, reserved 1048576K
}
Event: 39.346 GC heap before
{Heap before GC invocations=20 (full 2):
 PSYoungGen      total 160768K, used 49107K [0x00000000e0000000, 0x00000000eda80000, 0x0000000100000000)
  eden space 149504K, 25% used [0x00000000e0000000,0x00000000e24f4c48,0x00000000e9200000)
  from space 11264K, 100% used [0x00000000e9200000,0x00000000e9d00000,0x00000000e9d00000)
  to   space 16384K, 0% used [0x00000000eca80000,0x00000000eca80000,0x00000000eda80000)
 ParOldGen       total 47616K, used 32965K [0x00000000a0000000, 0x00000000a2e80000, 0x00000000e0000000)
  object space 47616K, 69% used [0x00000000a0000000,0x00000000a20315f0,0x00000000a2e80000)
 Metaspace       used 57305K, capacity 59052K, committed 59096K, reserved 1099776K
  class space    used 7837K, capacity 8173K, committed 8192K, reserved 1048576K
Event: 39.373 GC heap after
Heap after GC invocations=20 (full 2):
 PSYoungGen      total 201216K, used 9180K [0x00000000e0000000, 0x00000000ed700000, 0x0000000100000000)
  eden space 188416K, 0% used [0x00000000e0000000,0x00000000e0000000,0x00000000eb800000)
  from space 12800K, 71% used [0x00000000eca80000,0x00000000ed3770c8,0x00000000ed700000)
  to   space 15872K, 0% used [0x00000000eb800000,0x00000000eb800000,0x00000000ec780000)
 ParOldGen       total 47616K, used 44205K [0x00000000a0000000, 0x00000000a2e80000, 0x00000000e0000000)
  object space 47616K, 92% used [0x00000000a0000000,0x00000000a2b2b630,0x00000000a2e80000)
 Metaspace       used 57305K, capacity 59052K, committed 59096K, reserved 1099776K
  class space    used 7837K, capacity 8173K, committed 8192K, reserved 1048576K
}
Event: 39.373 GC heap before
{Heap before GC invocations=21 (full 3):
 PSYoungGen      total 201216K, used 9180K [0x00000000e0000000, 0x00000000ed700000, 0x0000000100000000)
  eden space 188416K, 0% used [0x00000000e0000000,0x00000000e0000000,0x00000000eb800000)
  from space 12800K, 71% used [0x00000000eca80000,0x00000000ed3770c8,0x00000000ed700000)
  to   space 15872K, 0% used [0x00000000eb800000,0x00000000eb800000,0x00000000ec780000)
 ParOldGen       total 47616K, used 44205K [0x00000000a0000000, 0x00000000a2e80000, 0x00000000e0000000)
  object space 47616K, 92% used [0x00000000a0000000,0x00000000a2b2b630,0x00000000a2e80000)
 Metaspace       used 57305K, capacity 59052K, committed 59096K, reserved 1099776K
  class space    used 7837K, capacity 8173K, committed 8192K, reserved 1048576K
Event: 39.718 GC heap after
Heap after GC invocations=21 (full 3):
 PSYoungGen      total 201216K, used 0K [0x00000000e0000000, 0x00000000ed700000, 0x0000000100000000)
  eden space 188416K, 0% used [0x00000000e0000000,0x00000000e0000000,0x00000000eb800000)
  from space 12800K, 0% used [0x00000000eca80000,0x00000000eca80000,0x00000000ed700000)
  to   space 15872K, 0% used [0x00000000eb800000,0x00000000eb800000,0x00000000ec780000)
 ParOldGen       total 95232K, used 47185K [0x00000000a0000000, 0x00000000a5d00000, 0x00000000e0000000)
  object space 95232K, 49% used [0x00000000a0000000,0x00000000a2e14710,0x00000000a5d00000)
 Metaspace       used 57304K, capacity 59046K, committed 59096K, reserved 1099776K
  class space    used 7837K, capacity 8172K, committed 8192K, reserved 1048576K
}
Event: 41.567 GC heap before
{Heap before GC invocations=22 (full 3):
 PSYoungGen      total 201216K, used 187929K [0x00000000e0000000, 0x00000000ed700000, 0x0000000100000000)
  eden space 188416K, 99% used [0x00000000e0000000,0x00000000eb786588,0x00000000eb800000)
  from space 12800K, 0% used [0x00000000eca80000,0x00000000eca80000,0x00000000ed700000)
  to   space 15872K, 0% used [0x00000000eb800000,0x00000000eb800000,0x00000000ec780000)
 ParOldGen       total 95232K, used 47185K [0x00000000a0000000, 0x00000000a5d00000, 0x00000000e0000000)
  object space 95232K, 49% used [0x00000000a0000000,0x00000000a2e14710,0x00000000a5d00000)
 Metaspace       used 58269K, capacity 60200K, committed 60376K, reserved 1101824K
  class space    used 7972K, capacity 8383K, committed 8448K, reserved 1048576K
Event: 41.571 GC heap after
Heap after GC invocations=22 (full 3):
 PSYoungGen      total 204288K, used 1997K [0x00000000e0000000, 0x00000000f0500000, 0x0000000100000000)
  eden space 188416K, 0% used [0x00000000e0000000,0x00000000e0000000,0x00000000eb800000)
  from space 15872K, 12% used [0x00000000eb800000,0x00000000eb9f3438,0x00000000ec780000)
  to   space 16384K, 0% used [0x00000000ef500000,0x00000000ef500000,0x00000000f0500000)
 ParOldGen       total 95232K, used 47193K [0x00000000a0000000, 0x00000000a5d00000, 0x00000000e0000000)
  object space 95232K, 49% used [0x00000000a0000000,0x00000000a2e16710,0x00000000a5d00000)
 Metaspace       used 58269K, capacity 60200K, committed 60376K, reserved 1101824K
  class space    used 7972K, capacity 8383K, committed 8448K, reserved 1048576K
}

