# JRE version: Java(TM) SE Runtime Environment (8.0_45-b15) (build 1.8.0_45-b15)
# Java VM: Java HotSpot(TM) 64-Bit Server VM (25.45-b02 mixed mode windows-amd64 compressed oops)
Heap:
 PSYoungGen      total 373760K, used 184911K [0x00000000e0000000, 0x00000000fad00000, 0x0000000100000000)
  eden space 362496K, 51% used [0x00000000e0000000,0x00000000eb493e40,0x00000000f6200000)
  from space 11264K, 0% used [0x00000000f7f80000,0x00000000f7f80000,0x00000000f8a80000)
  to   space 30208K, 0% used [0x00000000f6200000,0x00000000f6200000,0x00000000f7f80000)
 ParOldGen       total 254976K, used 233563K [0x00000000a0000000, 0x00000000af900000, 0x00000000e0000000)
  object space 254976K, 91% used [0x00000000a0000000,0x00000000ae416d50,0x00000000af900000)
 Metaspace       used 107824K, capacity 121530K, committed 122160K, reserved 1153024K
  class space    used 14063K, capacity 17832K, committed 17968K, reserved 1048576K
GC Heap History (10 events):
Event: 7637.366 GC heap before
{Heap before GC invocations=258 (full 13):
 PSYoungGen      total 290304K, used 287744K [0x00000000e0000000, 0x00000000f2780000, 0x0000000100000000)
  eden space 279552K, 100% used [0x00000000e0000000,0x00000000f1100000,0x00000000f1100000)
  from space 10752K, 76% used [0x00000000f1c00000,0x00000000f24000a0,0x00000000f2680000)
  to   space 11264K, 0% used [0x00000000f1100000,0x00000000f1100000,0x00000000f1c00000)
 ParOldGen       total 220672K, used 197160K [0x00000000a0000000, 0x00000000ad780000, 0x00000000e0000000)
  object space 220672K, 89% used [0x00000000a0000000,0x00000000ac08a3f8,0x00000000ad780000)
 Metaspace       used 106776K, capacity 120416K, committed 121264K, reserved 1153024K
  class space    used 13945K, capacity 17683K, committed 17840K, reserved 1048576K
Event: 7637.388 GC heap after
Heap after GC invocations=258 (full 13):
 PSYoungGen      total 290816K, used 8080K [0x00000000e0000000, 0x00000000f5600000, 0x0000000100000000)
  eden space 279552K, 0% used [0x00000000e0000000,0x00000000e0000000,0x00000000f1100000)
  from space 11264K, 71% used [0x00000000f1100000,0x00000000f18e40d0,0x00000000f1c00000)
  to   space 11776K, 0% used [0x00000000f4a80000,0x00000000f4a80000,0x00000000f5600000)
 ParOldGen       total 220672K, used 199128K [0x00000000a0000000, 0x00000000ad780000, 0x00000000e0000000)
  object space 220672K, 90% used [0x00000000a0000000,0x00000000ac2763f8,0x00000000ad780000)
 Metaspace       used 106776K, capacity 120416K, committed 121264K, reserved 1153024K
  class space    used 13945K, capacity 17683K, committed 17840K, reserved 1048576K
}
Event: 7638.189 GC heap before
{Heap before GC invocations=259 (full 13):
 PSYoungGen      total 290816K, used 287632K [0x00000000e0000000, 0x00000000f5600000, 0x0000000100000000)
  eden space 279552K, 100% used [0x00000000e0000000,0x00000000f1100000,0x00000000f1100000)
  from space 11264K, 71% used [0x00000000f1100000,0x00000000f18e40d0,0x00000000f1c00000)
  to   space 11776K, 0% used [0x00000000f4a80000,0x00000000f4a80000,0x00000000f5600000)
 ParOldGen       total 220672K, used 199128K [0x00000000a0000000, 0x00000000ad780000, 0x00000000e0000000)
  object space 220672K, 90% used [0x00000000a0000000,0x00000000ac2763f8,0x00000000ad780000)
 Metaspace       used 106780K, capacity 120416K, committed 121264K, reserved 1153024K
  class space    used 13945K, capacity 17683K, committed 17840K, reserved 1048576K
Event: 7638.232 GC heap after
Heap after GC invocations=259 (full 13):
 PSYoungGen      total 338432K, used 7088K [0x00000000e0000000, 0x00000000f5680000, 0x0000000100000000)
  eden space 326656K, 0% used [0x00000000e0000000,0x00000000e0000000,0x00000000f3f00000)
  from space 11776K, 60% used [0x00000000f4a80000,0x00000000f516c0b0,0x00000000f5600000)
  to   space 11776K, 0% used [0x00000000f3f00000,0x00000000f3f00000,0x00000000f4a80000)
 ParOldGen       total 220672K, used 204441K [0x00000000a0000000, 0x00000000ad780000, 0x00000000e0000000)
  object space 220672K, 92% used [0x00000000a0000000,0x00000000ac7a6428,0x00000000ad780000)
 Metaspace       used 106780K, capacity 120416K, committed 121264K, reserved 1153024K
  class space    used 13945K, capacity 17683K, committed 17840K, reserved 1048576K
}
Event: 7640.630 GC heap before
{Heap before GC invocations=260 (full 13):
 PSYoungGen      total 338432K, used 333744K [0x00000000e0000000, 0x00000000f5680000, 0x0000000100000000)
  eden space 326656K, 100% used [0x00000000e0000000,0x00000000f3f00000,0x00000000f3f00000)
  from space 11776K, 60% used [0x00000000f4a80000,0x00000000f516c0b0,0x00000000f5600000)
  to   space 11776K, 0% used [0x00000000f3f00000,0x00000000f3f00000,0x00000000f4a80000)
 ParOldGen       total 220672K, used 204441K [0x00000000a0000000, 0x00000000ad780000, 0x00000000e0000000)
  object space 220672K, 92% used [0x00000000a0000000,0x00000000ac7a6428,0x00000000ad780000)
 Metaspace       used 106832K, capacity 120510K, committed 121264K, reserved 1153024K
  class space    used 13953K, capacity 17688K, committed 17840K, reserved 1048576K
Event: 7640.697 GC heap after
Heap after GC invocations=260 (full 13):
 PSYoungGen      total 338432K, used 7064K [0x00000000e0000000, 0x00000000f8a80000, 0x0000000100000000)
  eden space 326656K, 0% used [0x00000000e0000000,0x00000000e0000000,0x00000000f3f00000)
  from space 11776K, 59% used [0x00000000f3f00000,0x00000000f45e6248,0x00000000f4a80000)
  to   space 11264K, 0% used [0x00000000f7f80000,0x00000000f7f80000,0x00000000f8a80000)
 ParOldGen       total 220672K, used 207608K [0x00000000a0000000, 0x00000000ad780000, 0x00000000e0000000)
  object space 220672K, 94% used [0x00000000a0000000,0x00000000acabe2d0,0x00000000ad780000)
 Metaspace       used 106832K, capacity 120510K, committed 121264K, reserved 1153024K
  class space    used 13953K, capacity 17688K, committed 17840K, reserved 1048576K
}
Event: 7652.074 GC heap before
{Heap before GC invocations=261 (full 13):
 PSYoungGen      total 338432K, used 333720K [0x00000000e0000000, 0x00000000f8a80000, 0x0000000100000000)
  eden space 326656K, 100% used [0x00000000e0000000,0x00000000f3f00000,0x00000000f3f00000)
  from space 11776K, 59% used [0x00000000f3f00000,0x00000000f45e6248,0x00000000f4a80000)
  to   space 11264K, 0% used [0x00000000f7f80000,0x00000000f7f80000,0x00000000f8a80000)
 ParOldGen       total 220672K, used 207608K [0x00000000a0000000, 0x00000000ad780000, 0x00000000e0000000)
  object space 220672K, 94% used [0x00000000a0000000,0x00000000acabe2d0,0x00000000ad780000)
 Metaspace       used 107339K, capacity 121008K, committed 121648K, reserved 1153024K
  class space    used 14010K, capacity 17763K, committed 17968K, reserved 1048576K
Event: 7652.115 GC heap after
Heap after GC invocations=261 (full 13):
 PSYoungGen      total 373760K, used 11246K [0x00000000e0000000, 0x00000000fad00000, 0x0000000100000000)
  eden space 362496K, 0% used [0x00000000e0000000,0x00000000e0000000,0x00000000f6200000)
  from space 11264K, 99% used [0x00000000f7f80000,0x00000000f8a7bb10,0x00000000f8a80000)
  to   space 30208K, 0% used [0x00000000f6200000,0x00000000f6200000,0x00000000f7f80000)
 ParOldGen       total 254976K, used 254588K [0x00000000a0000000, 0x00000000af900000, 0x00000000e0000000)
  object space 254976K, 99% used [0x00000000a0000000,0x00000000af89f048,0x00000000af900000)
 Metaspace       used 107339K, capacity 121008K, committed 121648K, reserved 1153024K
  class space    used 14010K, capacity 17763K, committed 17968K, reserved 1048576K
}
Event: 7652.115 GC heap before
{Heap before GC invocations=262 (full 14):
 PSYoungGen      total 373760K, used 11246K [0x00000000e0000000, 0x00000000fad00000, 0x0000000100000000)
  eden space 362496K, 0% used [0x00000000e0000000,0x00000000e0000000,0x00000000f6200000)
  from space 11264K, 99% used [0x00000000f7f80000,0x00000000f8a7bb10,0x00000000f8a80000)
  to   space 30208K, 0% used [0x00000000f6200000,0x00000000f6200000,0x00000000f7f80000)
 ParOldGen       total 254976K, used 254588K [0x00000000a0000000, 0x00000000af900000, 0x00000000e0000000)
  object space 254976K, 99% used [0x00000000a0000000,0x00000000af89f048,0x00000000af900000)
 Metaspace       used 107339K, capacity 121008K, committed 121648K, reserved 1153024K
  class space    used 14010K, capacity 17763K, committed 17968K, reserved 1048576K
Event: 7652.851 GC heap after
Heap after GC invocations=262 (full 14):
 PSYoungGen      total 373760K, used 0K [0x00000000e0000000, 0x00000000fad00000, 0x0000000100000000)
  eden space 362496K, 0% used [0x00000000e0000000,0x00000000e0000000,0x00000000f6200000)
  from space 11264K, 0% used [0x00000000f7f80000,0x00000000f7f80000,0x00000000f8a80000)
  to   space 30208K, 0% used [0x00000000f6200000,0x00000000f6200000,0x00000000f7f80000)
 ParOldGen       total 254976K, used 233563K [0x00000000a0000000, 0x00000000af900000, 0x00000000e0000000)
  object space 254976K, 91% used [0x00000000a0000000,0x00000000ae416d50,0x00000000af900000)
 Metaspace       used 107334K, capacity 120990K, committed 121648K, reserved 1153024K
  class space    used 14008K, capacity 17760K, committed 17968K, reserved 1048576K
}

