# JRE version: Java(TM) SE Runtime Environment (8.0_45-b15) (build 1.8.0_45-b15)
# Java VM: Java HotSpot(TM) 64-Bit Server VM (25.45-b02 mixed mode windows-amd64 compressed oops)
Heap:
 PSYoungGen      total 354816K, used 79880K [0x00000000e0000000, 0x00000000f8500000, 0x0000000100000000)
  eden space 311296K, 25% used [0x00000000e0000000,0x00000000e4e023e8,0x00000000f3000000)
  from space 43520K, 0% used [0x00000000f5a80000,0x00000000f5a80000,0x00000000f8500000)
  to   space 43520K, 0% used [0x00000000f3000000,0x00000000f3000000,0x00000000f5a80000)
 ParOldGen       total 149504K, used 149472K [0x00000000a0000000, 0x00000000a9200000, 0x00000000e0000000)
  object space 149504K, 99% used [0x00000000a0000000,0x00000000a91f8118,0x00000000a9200000)
 Metaspace       used 73404K, capacity 76076K, committed 78484K, reserved 1118208K
  class space    used 9330K, capacity 9791K, committed 10428K, reserved 1048576K
GC Heap History (10 events):
Event: 10855.143 GC heap before
{Heap before GC invocations=41 (full 5):
 PSYoungGen      total 311808K, used 296175K [0x00000000e0000000, 0x00000000f8780000, 0x0000000100000000)
  eden space 266752K, 100% used [0x00000000e0000000,0x00000000f0480000,0x00000000f0480000)
  from space 45056K, 65% used [0x00000000f0480000,0x00000000f213be78,0x00000000f3080000)
  to   space 46080K, 0% used [0x00000000f5a80000,0x00000000f5a80000,0x00000000f8780000)
 ParOldGen       total 149504K, used 77343K [0x00000000a0000000, 0x00000000a9200000, 0x00000000e0000000)
  object space 149504K, 51% used [0x00000000a0000000,0x00000000a4b87e78,0x00000000a9200000)
 Metaspace       used 73364K, capacity 76074K, committed 78484K, reserved 1118208K
  class space    used 9329K, capacity 9790K, committed 10428K, reserved 1048576K
Event: 10855.241 GC heap after
Heap after GC invocations=41 (full 5):
 PSYoungGen      total 354816K, used 19234K [0x00000000e0000000, 0x00000000f8500000, 0x0000000100000000)
  eden space 311296K, 0% used [0x00000000e0000000,0x00000000e0000000,0x00000000f3000000)
  from space 43520K, 44% used [0x00000000f5a80000,0x00000000f6d48920,0x00000000f8500000)
  to   space 43520K, 0% used [0x00000000f3000000,0x00000000f3000000,0x00000000f5a80000)
 ParOldGen       total 149504K, used 91931K [0x00000000a0000000, 0x00000000a9200000, 0x00000000e0000000)
  object space 149504K, 61% used [0x00000000a0000000,0x00000000a59c6c70,0x00000000a9200000)
 Metaspace       used 73364K, capacity 76074K, committed 78484K, reserved 1118208K
  class space    used 9329K, capacity 9790K, committed 10428K, reserved 1048576K
}
Event: 10856.405 GC heap before
{Heap before GC invocations=42 (full 5):
 PSYoungGen      total 354816K, used 330530K [0x00000000e0000000, 0x00000000f8500000, 0x0000000100000000)
  eden space 311296K, 100% used [0x00000000e0000000,0x00000000f3000000,0x00000000f3000000)
  from space 43520K, 44% used [0x00000000f5a80000,0x00000000f6d48920,0x00000000f8500000)
  to   space 43520K, 0% used [0x00000000f3000000,0x00000000f3000000,0x00000000f5a80000)
 ParOldGen       total 149504K, used 91931K [0x00000000a0000000, 0x00000000a9200000, 0x00000000e0000000)
  object space 149504K, 61% used [0x00000000a0000000,0x00000000a59c6c70,0x00000000a9200000)
 Metaspace       used 73378K, capacity 76074K, committed 78484K, reserved 1118208K
  class space    used 9329K, capacity 9790K, committed 10428K, reserved 1048576K
Event: 10856.500 GC heap after
Heap after GC invocations=42 (full 5):
 PSYoungGen      total 354816K, used 39153K [0x00000000e0000000, 0x00000000f8500000, 0x0000000100000000)
  eden space 311296K, 0% used [0x00000000e0000000,0x00000000e0000000,0x00000000f3000000)
  from space 43520K, 89% used [0x00000000f3000000,0x00000000f563c448,0x00000000f5a80000)
  to   space 43520K, 0% used [0x00000000f5a80000,0x00000000f5a80000,0x00000000f8500000)
 ParOldGen       total 149504K, used 104497K [0x00000000a0000000, 0x00000000a9200000, 0x00000000e0000000)
  object space 149504K, 69% used [0x00000000a0000000,0x00000000a660c508,0x00000000a9200000)
 Metaspace       used 73378K, capacity 76074K, committed 78484K, reserved 1118208K
  class space    used 9329K, capacity 9790K, committed 10428K, reserved 1048576K
}
Event: 10857.324 GC heap before
{Heap before GC invocations=43 (full 5):
 PSYoungGen      total 354816K, used 350449K [0x00000000e0000000, 0x00000000f8500000, 0x0000000100000000)
  eden space 311296K, 100% used [0x00000000e0000000,0x00000000f3000000,0x00000000f3000000)
  from space 43520K, 89% used [0x00000000f3000000,0x00000000f563c448,0x00000000f5a80000)
  to   space 43520K, 0% used [0x00000000f5a80000,0x00000000f5a80000,0x00000000f8500000)
 ParOldGen       total 149504K, used 104497K [0x00000000a0000000, 0x00000000a9200000, 0x00000000e0000000)
  object space 149504K, 69% used [0x00000000a0000000,0x00000000a660c508,0x00000000a9200000)
 Metaspace       used 73380K, capacity 76074K, committed 78484K, reserved 1118208K
  class space    used 9329K, capacity 9790K, committed 10428K, reserved 1048576K
Event: 10857.458 GC heap after
Heap after GC invocations=43 (full 5):
 PSYoungGen      total 354816K, used 43513K [0x00000000e0000000, 0x00000000f8500000, 0x0000000100000000)
  eden space 311296K, 0% used [0x00000000e0000000,0x00000000e0000000,0x00000000f3000000)
  from space 43520K, 99% used [0x00000000f5a80000,0x00000000f84fe610,0x00000000f8500000)
  to   space 43520K, 0% used [0x00000000f3000000,0x00000000f3000000,0x00000000f5a80000)
 ParOldGen       total 149504K, used 142161K [0x00000000a0000000, 0x00000000a9200000, 0x00000000e0000000)
  object space 149504K, 95% used [0x00000000a0000000,0x00000000a8ad47f0,0x00000000a9200000)
 Metaspace       used 73380K, capacity 76074K, committed 78484K, reserved 1118208K
  class space    used 9329K, capacity 9790K, committed 10428K, reserved 1048576K
}
Event: 10857.459 GC heap before
{Heap before GC invocations=44 (full 6):
 PSYoungGen      total 354816K, used 43513K [0x00000000e0000000, 0x00000000f8500000, 0x0000000100000000)
  eden space 311296K, 0% used [0x00000000e0000000,0x00000000e0000000,0x00000000f3000000)
  from space 43520K, 99% used [0x00000000f5a80000,0x00000000f84fe610,0x00000000f8500000)
  to   space 43520K, 0% used [0x00000000f3000000,0x00000000f3000000,0x00000000f5a80000)
 ParOldGen       total 149504K, used 142161K [0x00000000a0000000, 0x00000000a9200000, 0x00000000e0000000)
  object space 149504K, 95% used [0x00000000a0000000,0x00000000a8ad47f0,0x00000000a9200000)
 Metaspace       used 73380K, capacity 76074K, committed 78484K, reserved 1118208K
  class space    used 9329K, capacity 9790K, committed 10428K, reserved 1048576K
Event: 10858.405 GC heap after
Heap after GC invocations=44 (full 6):
 PSYoungGen      total 354816K, used 0K [0x00000000e0000000, 0x00000000f8500000, 0x0000000100000000)
  eden space 311296K, 0% used [0x00000000e0000000,0x00000000e0000000,0x00000000f3000000)
  from space 43520K, 0% used [0x00000000f5a80000,0x00000000f5a80000,0x00000000f8500000)
  to   space 43520K, 0% used [0x00000000f3000000,0x00000000f3000000,0x00000000f5a80000)
 ParOldGen       total 149504K, used 142796K [0x00000000a0000000, 0x00000000a9200000, 0x00000000e0000000)
  object space 149504K, 95% used [0x00000000a0000000,0x00000000a8b73200,0x00000000a9200000)
 Metaspace       used 73380K, capacity 76074K, committed 78484K, reserved 1118208K
  class space    used 9329K, capacity 9790K, committed 10428K, reserved 1048576K
}
Event: 10859.460 GC heap before
{Heap before GC invocations=45 (full 7):
 PSYoungGen      total 354816K, used 311296K [0x00000000e0000000, 0x00000000f8500000, 0x0000000100000000)
  eden space 311296K, 100% used [0x00000000e0000000,0x00000000f3000000,0x00000000f3000000)
  from space 43520K, 0% used [0x00000000f5a80000,0x00000000f5a80000,0x00000000f8500000)
  to   space 43520K, 0% used [0x00000000f3000000,0x00000000f3000000,0x00000000f5a80000)
 ParOldGen       total 149504K, used 142796K [0x00000000a0000000, 0x00000000a9200000, 0x00000000e0000000)
  object space 149504K, 95% used [0x00000000a0000000,0x00000000a8b73200,0x00000000a9200000)
 Metaspace       used 73385K, capacity 76074K, committed 78484K, reserved 1118208K
  class space    used 9329K, capacity 9790K, committed 10428K, reserved 1048576K
Event: 10860.798 GC heap after
Heap after GC invocations=45 (full 7):
 PSYoungGen      total 354816K, used 22852K [0x00000000e0000000, 0x00000000f8500000, 0x0000000100000000)
  eden space 311296K, 7% used [0x00000000e0000000,0x00000000e1651090,0x00000000f3000000)
  from space 43520K, 0% used [0x00000000f5a80000,0x00000000f5a80000,0x00000000f8500000)
  to   space 43520K, 0% used [0x00000000f3000000,0x00000000f3000000,0x00000000f5a80000)
 ParOldGen       total 149504K, used 149472K [0x00000000a0000000, 0x00000000a9200000, 0x00000000e0000000)
  object space 149504K, 99% used [0x00000000a0000000,0x00000000a91f8118,0x00000000a9200000)
 Metaspace       used 73385K, capacity 76074K, committed 78484K, reserved 1118208K
  class space    used 9329K, capacity 9790K, committed 10428K, reserved 1048576K
}

